<?xml version="1.0" encoding="utf-8"?><testsuites name="pytest tests"><testsuite name="pytest" errors="0" failures="1" skipped="0" tests="616" time="45.988" timestamp="2026-07-22T13:26:16.336836-06:00" hostname="PPCEA200P350B4"><testcase classname="tests.test_academic_workflow.TestAcademicWorkflow" name="test_course_match_case_insensitive" time="0.006" /><testcase classname="tests.test_academic_workflow.TestAcademicWorkflow" name="test_discover_requires_course_id" time="0.004" /><testcase classname="tests.test_academic_workflow.TestAcademicWorkflow" name="test_discover_with_valid_course_id" time="0.004" /><testcase classname="tests.test_academic_workflow.TestAcademicWorkflow" name="test_record_attempt" time="0.004" /><testcase classname="tests.test_academic_workflow.TestAcademicWorkflow" name="test_submission_requires_course_id" time="0.002" /><testcase classname="tests.test_academic_workflow.TestAcademicWorkflow" name="test_substring_no_false_match" time="0.005" /><testcase classname="tests.test_academic_workflow.TestAcademicWorkflow" name="test_validate_blank_submission_rejected" time="0.002" /><testcase classname="tests.test_academic_workflow.TestAcademicWorkflow" name="test_validate_unanswered_fields_rejected" time="0.002" /><testcase classname="tests.test_academic_workflow.TestAcademicWorkflow" name="test_validate_valid_submission_checkpoint" time="0.002" /><testcase classname="tests.test_academic_workflow.TestAcademicWorkflow" name="test_wrong_course_isolation" time="0.006" /><testcase classname="tests.test_akc_module.TestBuildAKCContext" name="test_builds_source_inventory_with_hashes_and_path_refs" time="0.005" /><testcase classname="tests.test_akc_module.TestBuildAKCContext" name="test_missing_sources_are_reported_not_raised" time="0.002" /><testcase classname="tests.test_akc_module.TestBuildAKCContext" name="test_extracts_operating_rules_from_transcript_language" time="0.004" /><testcase classname="tests.test_akc_module.TestLoadAKCCheckpoint" name="test_load_checkpoint_reports_existing_markdown" time="0.006" /><testcase classname="tests.test_akc_module.TestLoadAKCCheckpoint" name="test_load_checkpoint_missing_is_empty_result" time="0.002" /><testcase classname="tests.test_akc_module.TestCheckAKCReadiness" name="test_ready_checkpoint_passes_required_rule_gates" time="0.004" /><testcase classname="tests.test_akc_module.TestCheckAKCReadiness" name="test_default_required_rules_cover_all_transcript_operating_rules" time="0.004" /><testcase classname="tests.test_akc_module.TestCheckAKCReadiness" name="test_missing_checkpoint_blocks_readiness" time="0.002" /><testcase classname="tests.test_akc_module.TestCheckAKCReadiness" name="test_missing_required_rules_makes_readiness_partial" time="0.004" /><testcase classname="tests.test_alliance_switchboard" name="test_switchboard_assigns_jules_creator_and_antigravity_implementer" time="0.001" /><testcase classname="tests.test_alliance_switchboard" name="test_switchboard_falls_back_to_legacy_gemini_when_antigravity_is_blocked" time="0.001" /><testcase classname="tests.test_alliance_switchboard" name="test_switchboard_blocks_without_objective" time="0.001" /><testcase classname="tests.test_alliance_switchboard" name="test_switchboard_writes_role_packets" time="0.028" /><testcase classname="tests.test_antigravity_agent.TestAgentPreflight" name="test_returns_preflight_result_type" time="0.003" /><testcase classname="tests.test_antigravity_agent.TestAgentPreflight" name="test_never_raises" time="0.001" /><testcase classname="tests.test_antigravity_agent.TestAgentPreflight" name="test_has_required_keys" time="0.001" /><testcase classname="tests.test_antigravity_agent.TestAgentPreflight" name="test_not_ready_without_real_key" time="0.002" /><testcase classname="tests.test_antigravity_agent.TestAgentPreflight" name="test_ready_false_when_sdk_missing" time="0.001" /><testcase classname="tests.test_antigravity_agent.TestAgentPreflight" name="test_ready_true_when_sdk_present_and_key_set" time="0.002" /><testcase classname="tests.test_antigravity_agent.TestAgentChatDryRun" name="test_dry_run_returns_correct_status" time="0.001" /><testcase classname="tests.test_antigravity_agent.TestAgentChatDryRun" name="test_dry_run_text_is_empty" time="0.001" /><testcase classname="tests.test_antigravity_agent.TestAgentChatDryRun" name="test_dry_run_contains_preview" time="0.001" /><testcase classname="tests.test_antigravity_agent.TestAgentChatDryRun" name="test_empty_prompt_returns_error" time="0.001" /><testcase classname="tests.test_antigravity_agent.TestAgentChatDryRun" name="test_whitespace_prompt_returns_error" time="0.001" /><testcase classname="tests.test_antigravity_agent.TestAgentChatDryRun" name="test_returns_agent_chat_result_type" time="0.001" /><testcase classname="tests.test_antigravity_agent.TestAgentChatDryRun" name="test_never_raises" time="0.001" /><testcase classname="tests.test_antigravity_agent.TestAgentChatDryRun" name="test_sdk_not_installed_returns_error" time="0.001" /><testcase classname="tests.test_antigravity_agent.TestAgentChatDryRun" name="test_model_passed_through" time="0.001" /><testcase classname="tests.test_antigravity_agent.TestAgentStreamDryRun" name="test_dry_run_returns_correct_status" time="0.001" /><testcase classname="tests.test_antigravity_agent.TestAgentStreamDryRun" name="test_dry_run_tokens_empty" time="0.001" /><testcase classname="tests.test_antigravity_agent.TestAgentStreamDryRun" name="test_empty_prompt_returns_error" time="0.001" /><testcase classname="tests.test_antigravity_agent.TestAgentStreamDryRun" name="test_returns_agent_stream_result_type" time="0.001" /><testcase classname="tests.test_antigravity_agent.TestAgentStreamDryRun" name="test_never_raises" time="0.001" /><testcase classname="tests.test_antigravity_agent.TestAgentStreamDryRun" name="test_sdk_not_installed_returns_error" time="0.001" /><testcase classname="tests.test_antigravity_agent.TestAgentBridgeRoutes" name="test_chat_dry_run_explicit_true" time="0.009" /><testcase classname="tests.test_antigravity_agent.TestAgentBridgeRoutes" name="test_chat_dry_run_true_by_default" time="0.002" /><testcase classname="tests.test_antigravity_agent.TestAgentBridgeRoutes" name="test_chat_empty_prompt_returns_error" time="0.002" /><testcase classname="tests.test_antigravity_agent.TestAgentBridgeRoutes" name="test_chat_missing_prompt_raises_400" time="0.002" /><testcase classname="tests.test_antigravity_agent.TestAgentBridgeRoutes" name="test_chat_returns_model_field" time="0.002" /><testcase classname="tests.test_antigravity_agent.TestAgentBridgeRoutes" name="test_preflight_has_installed_key" time="0.002" /><testcase classname="tests.test_antigravity_agent.TestAgentBridgeRoutes" name="test_preflight_has_ready_key" time="0.002" /><testcase classname="tests.test_antigravity_agent.TestAgentBridgeRoutes" name="test_preflight_returns_200" time="0.002" /><testcase classname="tests.test_antigravity_agent.TestAgentBridgeRoutes" name="test_stream_dry_run_true_by_default" time="0.002" /><testcase classname="tests.test_antigravity_agent.TestAgentBridgeRoutes" name="test_stream_missing_prompt_raises_400" time="0.002" /><testcase classname="tests.test_antigravity_agent.TestAgentBridgeRoutes" name="test_stream_tokens_empty_on_dry_run" time="0.002" /><testcase classname="tests.test_antigravity_cli" name="test_antigravity_preflight_writes_ready_state" time="0.019" /><testcase classname="tests.test_antigravity_cli" name="test_antigravity_preflight_smoke_uses_print_mode" time="0.002" /><testcase classname="tests.test_antigravity_cli" name="test_run_antigravity_prompt_dry_run_redacts_prompt" time="0.001" /><testcase classname="tests.test_antigravity_cli" name="test_run_antigravity_prompt_live_builds_headless_command" time="0.004" /><testcase classname="tests.test_antigravity_cli" name="test_antigravity_status_snapshot_reads_preflight_state" time="0.006" /><testcase classname="tests.test_app_launcher.TestLaunchBrowserToUrl" name="test_blocked_without_runtime_authorization" time="0.001" /><testcase classname="tests.test_app_launcher.TestLaunchBrowserToUrl" name="test_launches_absolute_edge_path_when_configured" time="0.003" /><testcase classname="tests.test_app_launcher.TestLaunchBrowserToUrl" name="test_launches_edge_when_authorized" time="0.002" /><testcase classname="tests.test_app_launcher.TestLaunchBrowserToUrl" name="test_launches_edge_with_shutil_which" time="0.002" /><testcase classname="tests.test_app_launcher.TestLaunchBrowserToUrl" name="test_maps_spawn_failure_to_error" time="0.014" /><testcase classname="tests.test_app_launcher.TestLaunchBrowserToUrl" name="test_rejects_empty_url" time="0.001" /><testcase classname="tests.test_app_launcher.TestLaunchBrowserToUrl" name="test_rejects_javascript_protocol" time="0.001" /><testcase classname="tests.test_app_launcher.TestLaunchBrowserToUrl" name="test_rejects_non_http_protocol" time="0.001" /><testcase classname="tests.test_app_launcher.TestLaunchBrowserToUrl" name="test_rejects_url_with_newline" time="0.001" /><testcase classname="tests.test_app_launcher.TestLaunchBrowserToUrl" name="test_rejects_url_without_host" time="0.001" /><testcase classname="tests.test_bridge_routes.TestInboxRoutes" name="test_inbox_read_missing_file" time="0.005" /><testcase classname="tests.test_bridge_routes.TestInboxRoutes" name="test_inbox_read_rejects_invalid_file_type" time="0.002" /><testcase classname="tests.test_bridge_routes.TestJulesDispatchRoute" name="test_jules_api_activities_delegates_to_module" time="0.002" /><testcase classname="tests.test_bridge_routes.TestJulesDispatchRoute" name="test_jules_api_approve_plan_delegates_to_module" time="0.002" /><testcase classname="tests.test_bridge_routes.TestJulesDispatchRoute" name="test_jules_api_send_message_delegates_to_module" time="0.002" /><testcase classname="tests.test_bridge_routes.TestJulesDispatchRoute" name="test_jules_api_sessions_create_delegates_to_module" time="0.002" /><testcase classname="tests.test_bridge_routes.TestJulesDispatchRoute" name="test_jules_api_sessions_create_requires_prompt" time="0.002" /><testcase classname="tests.test_bridge_routes.TestJulesDispatchRoute" name="test_jules_api_sessions_get_delegates_to_module" time="0.002" /><testcase classname="tests.test_bridge_routes.TestJulesDispatchRoute" name="test_jules_api_sessions_list_delegates_to_module" time="0.002" /><testcase classname="tests.test_bridge_routes.TestJulesDispatchRoute" name="test_jules_api_sources_delegates_to_module" time="0.002" /><testcase classname="tests.test_bridge_routes.TestJulesDispatchRoute" name="test_jules_cot_writes_ledger_by_default" time="0.002" /><testcase classname="tests.test_bridge_routes.TestJulesDispatchRoute" name="test_jules_cycle_defaults_to_safe_dry_run" time="0.002" /><testcase classname="tests.test_bridge_routes.TestJulesDispatchRoute" name="test_jules_cycle_rejects_invalid_session_ids" time="0.002" /><testcase classname="tests.test_bridge_routes.TestJulesDispatchRoute" name="test_jules_dispatch_passes_payload_to_module" time="0.002" /><testcase classname="tests.test_bridge_routes.TestJulesDispatchRoute" name="test_jules_dispatch_rejects_invalid_include_statuses" time="0.002" /><testcase classname="tests.test_bridge_routes.TestJulesDispatchRoute" name="test_jules_dispatch_returns_module_error_as_400" time="0.002" /><testcase classname="tests.test_bridge_routes.TestJulesDispatchRoute" name="test_jules_fleet_defaults_to_safe_dry_run" time="0.002" /><testcase classname="tests.test_bridge_routes.TestJulesDispatchRoute" name="test_jules_fleet_rejects_invalid_include_statuses" time="0.002" /><testcase classname="tests.test_bridge_routes.TestJulesDispatchRoute" name="test_jules_fleet_watch_defaults_to_safe_dry_run" time="0.002" /><testcase classname="tests.test_bridge_routes.TestJulesDispatchRoute" name="test_jules_fleet_watch_rejects_invalid_include_statuses" time="0.002" /><testcase classname="tests.test_bridge_routes.TestJulesDispatchRoute" name="test_jules_launch_defaults_to_dry_run" time="0.002" /><testcase classname="tests.test_bridge_routes.TestJulesDispatchRoute" name="test_jules_launch_passes_force_packet_files_and_preserve_session_ids" time="0.002" /><testcase classname="tests.test_bridge_routes.TestJulesDispatchRoute" name="test_jules_launch_rejects_invalid_force_packet_files" time="0.002" /><testcase classname="tests.test_bridge_routes.TestJulesDispatchRoute" name="test_jules_launch_rejects_invalid_packet_files" time="0.002" /><testcase classname="tests.test_bridge_routes.TestJulesDispatchRoute" name="test_jules_preflight_defaults_to_remote_check" time="0.003" /><testcase classname="tests.test_bridge_routes.TestJulesDispatchRoute" name="test_jules_pull_defaults_to_dry_run" time="0.002" /><testcase classname="tests.test_bridge_routes.TestJulesDispatchRoute" name="test_jules_pull_requires_session_id" time="0.002" /><testcase classname="tests.test_bridge_routes.TestJulesDispatchRoute" name="test_jules_sessions_defaults_to_dry_run" time="0.002" /><testcase classname="tests.test_bridge_routes.TestJulesDispatchRoute" name="test_jules_watch_defaults_to_safe_dry_run" time="0.002" /><testcase classname="tests.test_bridge_routes.TestFsRoutes" name="test_fs_read_invalid_input" time="0.002" /><testcase classname="tests.test_bridge_routes.TestFsRoutes" name="test_fs_read_missing_path" time="0.002" /><testcase classname="tests.test_bridge_routes.TestFsRoutes" name="test_fs_read_rejects_malformed_payload" time="0.002" /><testcase classname="tests.test_bridge_routes.TestFsRoutes" name="test_fs_write_accepts_data_alias" time="0.004" /><testcase classname="tests.test_bridge_routes.TestFsRoutes" name="test_fs_write_requires_content_or_data" time="0.002" /><testcase classname="tests.test_bridge_routes.TestShellRoute" name="test_shell_cmd_selector" time="0.003" /><testcase classname="tests.test_bridge_routes.TestShellRoute" name="test_shell_invalid_git_bash" time="0.003" /><testcase classname="tests.test_bridge_routes.TestShellRoute" name="test_shell_powershell_default" time="0.003" /><testcase classname="tests.test_bridge_routes.TestShellRoute" name="test_shell_rejects_wsl_selector" time="0.002" /><testcase classname="tests.test_bridge_routes.TestShellRoute" name="test_shell_timeout_maps_to_504" time="0.003" /><testcase classname="tests.test_bridge_routes.TestExecuteRoute" name="test_execute_click_delegates_to_ui_module" time="0.002" /><testcase classname="tests.test_bridge_routes.TestExecuteRoute" name="test_execute_requires_at_least_one_action" time="0.002" /><testcase classname="tests.test_bridge_routes.TestExecuteRoute" name="test_execute_runs_shell_then_click_then_type" time="0.003" /><testcase classname="tests.test_bridge_routes.TestExecuteRoute" name="test_execute_shell_spawns_by_default" time="0.003" /><testcase classname="tests.test_bridge_routes.TestExecuteRoute" name="test_execute_type_accepts_type_key" time="0.002" /><testcase classname="tests.test_bridge_routes.TestUIRoutes" name="test_ui_click_negative_coordinate" time="0.002" /><testcase classname="tests.test_bridge_routes.TestUIRoutes" name="test_ui_click_validates_display_bounds" time="0.003" /><testcase classname="tests.test_bridge_routes.TestUIRoutes" name="test_ui_drive_quantower_login_route_is_thin" time="0.003" /><testcase classname="tests.test_bridge_routes.TestAKCRoutes" name="test_akc_context_get_loads_checkpoint" time="0.003" /><testcase classname="tests.test_bridge_routes.TestAKCRoutes" name="test_akc_context_post_rejects_non_list_sources" time="0.003" /><testcase classname="tests.test_bridge_routes.TestAKCRoutes" name="test_akc_context_post_requires_at_least_one_source" time="0.003" /><testcase classname="tests.test_bridge_routes.TestAKCRoutes" name="test_akc_context_post_validates_and_returns_checkpoint" time="0.002" /><testcase classname="tests.test_bridge_routes.TestAKCRoutes" name="test_akc_readiness_get_checks_session_start_gate" time="0.003" /><testcase classname="tests.test_bridge_routes.TestAKCRoutes" name="test_akc_subagents_builds_context_plan" time="0.002" /><testcase classname="tests.test_bridge_routes.TestAKCRoutes" name="test_akc_subagents_rejects_invalid_roles" time="0.002" /><testcase classname="tests.test_bridge_routes.TestAKCRoutes" name="test_akc_subagents_requires_content_or_sources" time="0.002" /><testcase classname="tests.test_bridge_routes.TestEvidenceGate" name="test_clock_skew_hard_mode_returns_423" time="0.026" /><testcase classname="tests.test_bridge_routes.TestEvidenceGate" name="test_fresh_evidence_hard_mode_allows_oracle_route" time="0.022" /><testcase classname="tests.test_bridge_routes.TestEvidenceGate" name="test_health_exempt_from_hard_evidence_gate" time="0.443" /><testcase classname="tests.test_bridge_routes.TestEvidenceGate" name="test_malformed_evidence_hard_mode_returns_423" time="0.007" /><testcase classname="tests.test_bridge_routes.TestEvidenceGate" name="test_missing_evidence_hard_mode_allows_oracle_route" time="0.005" /><testcase classname="tests.test_bridge_routes.TestEvidenceGate" name="test_record_evidence_exempt_from_hard_evidence_gate" time="0.025" /><testcase classname="tests.test_bridge_routes.TestEvidenceGate" name="test_stale_evidence_hard_mode_returns_423" time="0.026" /><testcase classname="tests.test_bridge_routes.TestEvidenceGate" name="test_stale_evidence_soft_mode_warns_only" time="0.022" /><testcase classname="tests.test_bridge_routes.TestRetrospectiveRoutes" name="test_analyze_defaults_auto_prune_false" time="0.003" /><testcase classname="tests.test_bridge_routes.TestRetrospectiveRoutes" name="test_analyze_passes_auto_prune_true" time="0.003" /><testcase classname="tests.test_bridge_routes.TestAppLauncherRoutes" name="test_launch_browser_requires_url" time="0.003" /><testcase classname="tests.test_bridge_routes.TestAppLauncherRoutes" name="test_launch_browser_route_is_thin" time="0.003" /><testcase classname="tests.test_bridge_routes.TestRepoContextGuardRoutes" name="test_repo_context_guard_delegates_to_module" time="0.002" /><testcase classname="tests.test_bridge_routes.TestRepoContextGuardRoutes" name="test_repo_context_guard_rejects_bad_query" time="0.002" /><testcase classname="tests.test_bridge_routes.TestVMRoutes" name="test_vm_boot_secondary_route_defaults_to_dry_run" time="0.003" /><testcase classname="tests.test_bridge_routes.TestVMRoutes" name="test_vm_resource_pressure_route_is_thin" time="0.004" /><testcase classname="tests.test_bridge_routes.TestDiscoveryRoutes" name="test_info_returns_compact_authenticated_metadata" time="0.003" /><testcase classname="tests.test_bridge_routes.TestDiscoveryRoutes" name="test_root_returns_authenticated_route_manifest" time="0.003" /><testcase classname="tests.test_bridge_routes.TestBridgeTokenAuth" name="test_host_gpg_public_requires_auth" time="0.002" /><testcase classname="tests.test_bridge_routes.TestBridgeTokenAuth" name="test_host_gpg_public_returns_key_when_configured" time="0.002" /><testcase classname="tests.test_bridge_routes.TestBridgeTokenAuth" name="test_notify_email_forwards_existing_attachments" time="0.003" /><testcase classname="tests.test_bridge_routes.TestBridgeTokenAuth" name="test_notify_email_rejects_missing_attachment_before_send" time="0.002" /><testcase classname="tests.test_bridge_routes.TestBridgeTokenAuth" name="test_ping_and_health_exempt_without_token" time="1.242" /><testcase classname="tests.test_bridge_routes.TestBridgeTokenAuth" name="test_protected_route_accepts_bearer_token" time="0.002" /><testcase classname="tests.test_bridge_routes.TestBridgeTokenAuth" name="test_protected_route_rejects_missing_token" time="0.002" /><testcase classname="tests.test_bridge_routes.TestBridgeTokenAuth" name="test_root_discovery_rejects_missing_token" time="0.002" /><testcase classname="tests.test_bridge_routes.TestChatRoutes" name="test_chat_route_is_thin" time="0.002" /><testcase classname="tests.test_bridge_routes.TestChatRoutes" name="test_chat_test_delegates_to_module" time="0.002" /><testcase classname="tests.test_bridge_routes.TestGhostRoutes" name="test_ghost_lock_requires_auth_and_password" time="0.002" /><testcase classname="tests.test_bridge_routes.TestGhostRoutes" name="test_ghost_status_public_without_token" time="0.002" /><testcase classname="tests.test_bridge_routes.TestGhostRoutes" name="test_ghost_unlock_rejects_bad_password" time="0.002" /><testcase classname="tests.test_bridge_routes.TestGhostRoutes" name="test_ping_includes_ghost_fields" time="0.407" /><testcase classname="tests.test_browser_agent" name="test_init_browser_with_edge_profile" time="0.002" /><testcase classname="tests.test_browser_agent" name="test_verify_quantower_login" time="0.002" /><testcase classname="tests.test_chat_service.TestChatProviderHealth" name="test_vm_offline" time="0.001" /><testcase classname="tests.test_chat_service.TestChatCompletion" name="test_chat_offline_response_is_stable" time="0.001" /><testcase classname="tests.test_chat_service_pro.TestChatProviderPro" name="test_health_includes_vm" time="0.003" /><testcase classname="tests.test_chat_service_pro.TestChatProviderPro" name="test_vm_fallback_success" time="0.002" /><testcase classname="tests.test_circuit_breaker" name="test_circuit_breaker_allows_under_threshold" time="0.004" /><testcase classname="tests.test_circuit_breaker" name="test_circuit_breaker_blocks_over_threshold" time="0.004" /><testcase classname="tests.test_circuit_breaker" name="test_circuit_breaker_resets_after_window" time="0.005" /><testcase classname="tests.test_circuit_breaker" name="test_circuit_breaker_exempt_routes_have_higher_threshold" time="6.223" /><testcase classname="tests.test_circuit_breaker" name="test_circuit_breaker_can_be_disabled" time="0.009" /><testcase classname="tests.test_cloud_sync" name="test_cloud_sync_status_reports_synced_clean_repo" time="1.507" /><testcase classname="tests.test_cloud_sync" name="test_cloud_sync_status_blocks_dirty_worktree" time="1.501" /><testcase classname="tests.test_cloud_sync" name="test_cloud_sync_status_blocks_missing_repo" time="0.009" /><testcase classname="tests.test_cloud_sync" name="test_cloud_publish_packet_classifies_dirty_worktree" time="1.505" /><testcase classname="tests.test_cloud_sync" name="test_cloud_publish_packet_writes_repo_local_packet" time="1.684" /><testcase classname="tests.test_cloud_sync" name="test_cloud_publish_packet_rejects_output_dir_outside_repo" time="1.557" /><testcase classname="tests.test_codebase_analyzer" name="test_analyze_codebase_summarizes_routes_and_integrations" time="0.040" /><testcase classname="tests.test_codebase_analyzer" name="test_analyze_codebase_redacts_env_values" time="0.010" /><testcase classname="tests.test_codebase_analyzer" name="test_analyze_codebase_missing_root_returns_error" time="0.004" /><testcase classname="tests.test_codebase_analyzer" name="test_analyze_codebase_skips_node_modules" time="0.008" /><testcase classname="tests.test_codebase_analyzer" name="test_route_rows_read_error" time="0.004" /><testcase classname="tests.test_collaboration_proof" name="test_collaboration_proof_passes_when_all_required_gates_are_ready" time="0.006" /><testcase classname="tests.test_collaboration_proof" name="test_collaboration_proof_treats_legacy_gemini_auth_as_caveat_when_antigravity_passes" time="0.006" /><testcase classname="tests.test_collaboration_proof" name="test_collaboration_proof_blocks_when_supported_google_terminal_smoke_fails" time="0.006" /><testcase classname="tests.test_collaboration_proof" name="test_collaboration_proof_default_keeps_gemini_smoke_skipped" time="0.006" /><testcase classname="tests.test_collaboration_proof" name="test_collaboration_proof_state_file_includes_state_path" time="0.025" /><testcase classname="tests.test_context_orchestrator" name="test_builds_budgeted_capsules_without_middle_bloat" time="0.001" /><testcase classname="tests.test_context_orchestrator" name="test_writes_context_subagent_packets_and_index" time="0.013" /><testcase classname="tests.test_context_orchestrator" name="test_no_slop_workflow_has_spec_first_gates_and_budget" time="0.001" /><testcase classname="tests.test_context_orchestrator" name="test_context_budget_flags_over_budget_and_requests_compaction" time="0.001" /><testcase classname="tests.test_context_orchestrator" name="test_long_session_eval_plan_uses_ten_plus_one_probe" time="0.001" /><testcase classname="tests.test_context_orchestrator" name="test_missing_source_is_reported_without_raising_or_leaking_path" time="0.002" /><testcase classname="tests.test_context_orchestrator" name="test_role_filter_selects_requested_role_only" time="0.001" /><testcase classname="tests.test_context_orchestrator" name="test_capsule_excerpts_redact_local_paths_inside_source_text" time="0.001" /><testcase classname="tests.test_crash_injection.TestCrashInjection" name="test_crash_after_checkpoint" time="0.045" /><testcase classname="tests.test_crash_injection.TestCrashInjection" name="test_crash_after_dispatch_before_checkpoint" time="0.057" /><testcase classname="tests.test_crash_injection.TestCrashInjection" name="test_crash_before_checkpoint_complete" time="0.138" /><testcase classname="tests.test_crash_injection.TestCrashInjection" name="test_crash_before_dispatch" time="0.131" /><testcase classname="tests.test_crash_injection.TestCrashInjection" name="test_empty_idempotency_key_rejected" time="0.018" /><testcase classname="tests.test_crash_injection.TestCrashInjection" name="test_generate_operation_id_uniqueness" time="0.022" /><testcase classname="tests.test_crash_injection.TestCrashInjection" name="test_no_duplicate_after_dispatching_crash_without_external_id" time="0.110" /><testcase classname="tests.test_dashboard_cache" name="test_dashboard_cache_logic" time="2.115" /><testcase classname="tests.test_dashboard_commands" name="test_command_admitted_and_persisted" time="0.064" /><testcase classname="tests.test_dashboard_commands" name="test_command_blocked_when_route_unsupported" time="0.043" /><testcase classname="tests.test_dashboard_commands" name="test_command_cancel_updates_status" time="0.040" /><testcase classname="tests.test_dashboard_commands" name="test_workflow_projection_aggregates_latest_commands" time="0.164" /><testcase classname="tests.test_dashboard_commands" name="test_projection_redacts_tokens_cookies_credentials" time="0.001" /><testcase classname="tests.test_dashboard_commands" name="test_unsupported_command_type_rejected" time="0.003" /><testcase classname="tests.test_dashboard_commands" name="test_get_workflow_round_trip" time="0.021" /><testcase classname="tests.test_dashboard_commands" name="test_list_workflows_returns_recent" time="0.037" /><testcase classname="tests.test_dashboard_commands" name="test_generated_cloud_artifacts_remain_untracked" time="1.161" /><testcase classname="tests.test_dashboard_commands" name="test_command_worker_lifecycle_admitted_running_terminal" time="0.069" /><testcase classname="tests.test_dashboard_commands" name="test_process_command_skips_terminal_status" time="0.060" /><testcase classname="tests.test_dashboard_commands" name="test_route_probe_ping_succeeds" time="0.040" /><testcase classname="tests.test_dashboard_commands" name="test_route_probe_dashboard_status_succeeds" time="0.040" /><testcase classname="tests.test_dashboard_commands" name="test_route_probe_external_url_blocked" time="0.044" /><testcase classname="tests.test_dashboard_commands" name="test_route_probe_non_allowlisted_internal_route_blocked" time="0.044" /><testcase classname="tests.test_dashboard_commands" name="test_route_probe_result_is_redacted" time="0.042" /><testcase classname="tests.test_dashboard_commands" name="test_projection_shows_succeeded_route_probe_terminal_state" time="0.085" /><testcase classname="tests.test_dashboard_evidence" name="test_route_probe_ping_writes_evidence" time="0.057" /><testcase classname="tests.test_dashboard_evidence" name="test_command_evidence_refs_populated_after_worker_tick" time="0.054" /><testcase classname="tests.test_dashboard_evidence" name="test_projection_includes_latest_evidence" time="0.097" /><testcase classname="tests.test_dashboard_evidence" name="test_evidence_file_survives_reload_from_disk" time="0.025" /><testcase classname="tests.test_dashboard_evidence" name="test_blocked_route_probe_writes_blocked_evidence" time="0.068" /><testcase classname="tests.test_dashboard_evidence" name="test_result_hash_deterministic" time="0.001" /><testcase classname="tests.test_dashboard_evidence" name="test_sensitive_strings_redacted" time="0.001" /><testcase classname="tests.test_dashboard_evidence" name="test_evidence_refs_contain_ids_not_paths" time="0.042" /><testcase classname="tests.test_dashboard_evidence" name="test_no_cloud_publish_artifacts_written" time="0.085" /><testcase classname="tests.test_dashboard_evidence" name="test_list_evidence_returns_newest" time="0.108" /><testcase classname="tests.test_dashboard_evidence" name="test_get_evidence_by_id_returns_record" time="0.055" /><testcase classname="tests.test_dashboard_evidence" name="test_replay_verified_when_evidence_hash_matches" time="0.112" /><testcase classname="tests.test_dashboard_evidence" name="test_replay_missing_evidence_when_no_refs" time="0.028" /><testcase classname="tests.test_dashboard_evidence" name="test_replay_missing_evidence_when_file_absent" time="0.059" /><testcase classname="tests.test_dashboard_evidence" name="test_replay_evidence_mismatch_when_result_differs" time="0.102" /><testcase classname="tests.test_dashboard_evidence" name="test_replay_does_not_reexecute_route_probe" time="0.068" /><testcase classname="tests.test_dashboard_evidence" name="test_projection_includes_replay_status" time="0.132" /><testcase classname="tests.test_dashboard_evidence" name="test_replay_redacts_sensitive_payload" time="0.020" /><testcase classname="tests.test_dashboard_evidence" name="test_replay_does_not_write_cloud_publish_artifacts" time="0.099" /><testcase classname="tests.test_dashboard_module" name="test_get_dashboard_status_happy_path" time="0.004" /><testcase classname="tests.test_dashboard_module" name="test_get_dashboard_status_cache" time="0.001" /><testcase classname="tests.test_dashboard_module" name="test_get_dashboard_status_exception" time="0.001" /><testcase classname="tests.test_dashboard_module" name="test_fmt_uptime" time="0.001" /><testcase classname="tests.test_dashboard_module" name="test_env_vars" time="0.001" /><testcase classname="tests.test_dashboard_module" name="test_env_vars_exception" time="0.002" /><testcase classname="tests.test_dashboard_module" name="test_runtime_context_local_allows_quantower" time="0.001" /><testcase classname="tests.test_dashboard_module" name="test_runtime_context_remote_vm_allows_quantower" time="0.001" /><testcase classname="tests.test_dashboard_module" name="test_runtime_context_school_compute_blocks_quantower" time="0.001" /><testcase classname="tests.test_dashboard_module" name="test_runtime_context_defaults_to_school_compute" time="0.001" /><testcase classname="tests.test_dashboard_module" name="test_tcp_reachable" time="0.002" /><testcase classname="tests.test_dashboard_module" name="test_tcp_reachable_empty_host" time="0.001" /><testcase classname="tests.test_dashboard_module" name="test_tail_log" time="0.002" /><testcase classname="tests.test_dashboard_module" name="test_tail_log_exception" time="0.002" /><testcase classname="tests.test_dashboard_module" name="test_read_json" time="0.002" /><testcase classname="tests.test_dashboard_module" name="test_read_json_exception" time="0.003" /><testcase classname="tests.test_dashboard_module" name="test_fleet_status" time="0.002" /><testcase classname="tests.test_dashboard_module" name="test_vm_info" time="0.002" /><testcase classname="tests.test_dashboard_worker" name="test_worker_defaults_off" time="0.007" /><testcase classname="tests.test_dashboard_worker" name="test_background_worker_starts_only_when_enabled" time="0.007" /><testcase classname="tests.test_dashboard_worker" name="test_worker_tick_processes_admitted_commands" time="0.062" /><testcase classname="tests.test_dashboard_worker" name="test_worker_status_returns_counts" time="0.044" /><testcase classname="tests.test_dashboard_worker" name="test_completed_command_is_not_rerun" time="0.059" /><testcase classname="tests.test_dashboard_worker" name="test_cancelled_command_is_skipped" time="0.056" /><testcase classname="tests.test_dashboard_worker" name="test_background_worker_processes_admitted_command" time="0.076" /><testcase classname="tests.test_dashboard_worker" name="test_worker_disabled_by_env_does_not_start_daemon" time="0.021" /><testcase classname="tests.test_dashboard_worker" name="test_poll_interval_value_error" time="0.001" /><testcase classname="tests.test_dashboard_worker" name="test_worker_loop_handles_exception" time="0.008" /><testcase classname="tests.test_dashboard_worker" name="test_start_command_worker_already_running" time="0.010" /><testcase classname="tests.test_dashboard_worker" name="test_tick_command_worker_returns_deterministic_counts" time="0.005" /><testcase classname="tests.test_dashboard_worker" name="test_worker_enabled_various_formats" time="0.001" /><testcase classname="tests.test_dashboard_worker" name="test_worker_status_reflects_counts" time="0.003" /><testcase classname="tests.test_desktop_qualification.TestDesktopQualification" name="test_qualification_sequence" time="4.051"><failure message="AssertionError: 0 not greater than 0 : No screenshots were taken — display issue?">tests\test_desktop_qualification.py:40: in test_qualification_sequence
    self.assertGreater(len(result["screenshots"]), 0,
E   AssertionError: 0 not greater than 0 : No screenshots were taken — display issue?</failure></testcase><testcase classname="tests.test_desktop_worker.TestDesktopWorker" name="test_browser_availability_check" time="0.002" /><testcase classname="tests.test_desktop_worker.TestDesktopWorker" name="test_execute_desktop_action_unsupported" time="0.002" /><testcase classname="tests.test_desktop_worker.TestDesktopWorker" name="test_navigate_web" time="0.002" /><testcase classname="tests.test_eval_reasoning.TestReasoningEvalHarness" name="test_run_eval_writes_report_with_stub_baseline" time="0.034" /><testcase classname="tests.test_eval_reasoning.TestReasoningEvalHarness" name="test_eval_rows_include_scoring_fields" time="0.006" /><testcase classname="tests.test_eval_reasoning.TestReasoningEvalHarness" name="test_default_output_path_is_memory_eval_results" time="0.002" /><testcase classname="tests.test_external_reconciliation.TestExternalActionReconciliation" name="test_reconcile_git_commit_post_crash" time="0.115" /><testcase classname="tests.test_external_reconciliation.TestExternalActionReconciliation" name="test_reconcile_jules_session_post_crash" time="0.055" /><testcase classname="tests.test_fs_service.TestFsRead" name="test_read_directory_raises" time="0.002" /><testcase classname="tests.test_fs_service.TestFsRead" name="test_read_missing_file_raises" time="0.001" /><testcase classname="tests.test_fs_service.TestFsRead" name="test_read_offset_and_limit" time="0.004" /><testcase classname="tests.test_fs_service.TestFsRead" name="test_read_returns_content" time="0.003" /><testcase classname="tests.test_fs_service.TestFsWrite" name="test_write_creates_file" time="0.004" /><testcase classname="tests.test_fs_service.TestFsWrite" name="test_write_creates_parent_directories" time="0.012" /><testcase classname="tests.test_fs_service.TestFsWrite" name="test_write_empty_content" time="0.003" /><testcase classname="tests.test_fs_service.TestFsTail" name="test_tail_fewer_lines_than_requested" time="0.004" /><testcase classname="tests.test_fs_service.TestFsTail" name="test_tail_missing_file_raises" time="0.001" /><testcase classname="tests.test_fs_service.TestFsTail" name="test_tail_returns_last_n_lines" time="0.004" /><testcase classname="tests.test_fs_service.TestFsGrep" name="test_grep_empty_pattern_matches_all" time="0.004" /><testcase classname="tests.test_fs_service.TestFsGrep" name="test_grep_finds_matches" time="0.004" /><testcase classname="tests.test_fs_service.TestFsGrep" name="test_grep_invalid_regex_raises" time="0.002" /><testcase classname="tests.test_fs_service.TestFsGrep" name="test_grep_max_matches_limits_results" time="0.015" /><testcase classname="tests.test_fs_service.TestFsListDir" name="test_list_dir_dirs_sorted_first" time="0.003" /><testcase classname="tests.test_fs_service.TestFsListDir" name="test_list_dir_file_path_raises" time="0.002" /><testcase classname="tests.test_fs_service.TestFsListDir" name="test_list_dir_missing_raises" time="0.001" /><testcase classname="tests.test_fs_service.TestFsListDir" name="test_list_dir_returns_entries" time="0.003" /><testcase classname="tests.test_gemini_cli" name="test_gemini_preflight_writes_ready_state" time="0.020" /><testcase classname="tests.test_gemini_cli" name="test_gemini_preflight_smoke_uses_plan_mode" time="0.002" /><testcase classname="tests.test_gemini_cli" name="test_run_gemini_prompt_dry_run_redacts_prompt" time="0.001" /><testcase classname="tests.test_gemini_cli" name="test_run_gemini_prompt_live_builds_headless_command" time="0.004" /><testcase classname="tests.test_gemini_cli" name="test_gemini_status_snapshot_reads_preflight_state" time="0.005" /><testcase classname="tests.test_ghost_state" name="test_lock_and_unlock_with_password" time="0.050" /><testcase classname="tests.test_ghost_state" name="test_host_identity_includes_remote_intro" time="0.001" /><testcase classname="tests.test_ghost_state" name="test_get_ghost_status_never_exposes_hash" time="0.019" /><testcase classname="tests.test_health_deep.TestHealthDeep" name="test_health_deep_success" time="0.007" /><testcase classname="tests.test_health_deep.TestHealthDeep" name="test_health_deep_unauthorized" time="0.002" /><testcase classname="tests.test_host_identity.TestHostIdentity" name="test_get_gpg_public_payload_missing_key" time="0.382" /><testcase classname="tests.test_host_identity.TestHostIdentity" name="test_get_host_identity_reads_system_id_file" time="0.390" /><testcase classname="tests.test_host_identity.TestHostIdentity" name="test_get_host_identity_uses_env_label" time="0.371" /><testcase classname="tests.test_host_identity.TestHostIdentity" name="test_gpg_key_id_from_public_file" time="0.414" /><testcase classname="tests.test_host_identity.TestHostIdentity" name="test_host_identity_fallback_and_normalization" time="0.007" /><testcase classname="tests.test_hre_depth" name="test_score_hre_depth" time="0.004" /><testcase classname="tests.test_hre_depth" name="test_discover_skills" time="0.006" /><testcase classname="tests.test_hre_depth" name="test_inject_gotcha" time="0.009" /><testcase classname="tests.test_http_utils.TestHttpUtils" name="test_bool_field_invalid_type" time="0.002" /><testcase classname="tests.test_human_mimic_driver" name="test_drive_quantower_login_types_username_and_clicks_on_login_state" time="0.002" /><testcase classname="tests.test_human_mimic_driver" name="test_drive_quantower_login_blocks_secret_use_without_runtime_flag" time="0.002" /><testcase classname="tests.test_human_mimic_driver" name="test_drive_quantower_login_ignores_unknown_state" time="0.001" /><testcase classname="tests.test_inbox_service.TestInboxRead" name="test_read_default_filename" time="0.005" /><testcase classname="tests.test_inbox_service.TestInboxRead" name="test_read_lists_available_on_404" time="0.003" /><testcase classname="tests.test_inbox_service.TestInboxRead" name="test_read_missing_returns_404" time="0.002" /><testcase classname="tests.test_inbox_service.TestInboxRead" name="test_read_path_traversal_safe_basename" time="0.003" /><testcase classname="tests.test_inbox_service.TestInboxRead" name="test_read_returns_content" time="0.004" /><testcase classname="tests.test_inbox_service.TestInboxWrite" name="test_write_creates_file" time="0.005" /><testcase classname="tests.test_inbox_service.TestInboxWrite" name="test_write_creates_inbox_dir" time="0.003" /><testcase classname="tests.test_inbox_service.TestInboxWrite" name="test_write_default_filename" time="0.003" /><testcase classname="tests.test_inbox_service.TestInboxWrite" name="test_write_empty_content" time="0.003" /><testcase classname="tests.test_jules_api.TestJulesApi" name="test_create_session_success" time="0.002" /><testcase classname="tests.test_jules_api.TestJulesApi" name="test_list_sources_success" time="0.002" /><testcase classname="tests.test_jules_api.TestJulesApi" name="test_preflight_missing_key" time="0.001" /><testcase classname="tests.test_jules_api.TestJulesApi" name="test_preflight_sources_are_bounded" time="0.001" /><testcase classname="tests.test_jules_api.TestJulesApi" name="test_rest_api_enabled_requires_key_and_flag" time="0.001" /><testcase classname="tests.test_jules_api.TestJulesApi" name="test_sessions_to_stdout_formats_cli_like_lines" time="0.001" /><testcase classname="tests.test_jules_env" name="test_ensure_bridge_token_never_rotates_existing" time="0.017" /><testcase classname="tests.test_jules_env" name="test_ensure_bridge_token_generates_when_missing" time="0.020" /><testcase classname="tests.test_jules_env" name="test_restore_env_from_mirror" time="0.009" /><testcase classname="tests.test_jules_env" name="test_sync_env_mirror" time="0.008" /><testcase classname="tests.test_jules_env" name="test_configure_ngrok_auth_uses_env" time="0.006" /><testcase classname="tests.test_jules_env" name="test_store_ngrok_authtoken_writes_all_locations" time="0.018" /><testcase classname="tests.test_jules_orchestrator" name="test_parse_antigravity_queue_extracts_prompt_tasks" time="0.007" /><testcase classname="tests.test_jules_orchestrator" name="test_build_dispatch_antigravity_queue_writes_packets_without_clearing_on_empty" time="0.024" /><testcase classname="tests.test_jules_orchestrator" name="test_parse_task_dump_extracts_cards_and_statuses" time="0.003" /><testcase classname="tests.test_jules_orchestrator" name="test_build_dispatch_selects_open_tasks_and_writes_packets" time="0.009" /><testcase classname="tests.test_jules_orchestrator" name="test_build_dispatch_dry_run_does_not_write_files" time="0.002" /><testcase classname="tests.test_jules_orchestrator" name="test_build_dispatch_reads_source_path" time="0.014" /><testcase classname="tests.test_jules_orchestrator" name="test_build_dispatch_reports_missing_input_without_raising" time="0.001" /><testcase classname="tests.test_jules_orchestrator" name="test_build_dispatch_dedupes_same_task_and_prefers_failed_status" time="0.001" /><testcase classname="tests.test_jules_orchestrator" name="test_launch_packets_dry_run_uses_packet_files_without_subprocess" time="0.015" /><testcase classname="tests.test_jules_orchestrator" name="test_launch_packets_packet_dir_honors_dispatch_index_order" time="0.027" /><testcase classname="tests.test_jules_orchestrator" name="test_launch_packets_live_posts_packet_to_jules_new" time="0.007" /><testcase classname="tests.test_jules_orchestrator" name="test_launch_packets_skips_launched_and_preserves_state" time="0.024" /><testcase classname="tests.test_jules_orchestrator" name="test_launch_packets_can_preserve_existing_session_ids_for_duplicate_instances" time="0.020" /><testcase classname="tests.test_jules_orchestrator" name="test_launch_packets_drops_stale_previous_state_rows" time="0.020" /><testcase classname="tests.test_jules_orchestrator" name="test_launch_packets_treats_exit_zero_cli_error_as_failed" time="0.006" /><testcase classname="tests.test_jules_orchestrator" name="test_launch_packets_retries_malformed_launched_state_without_session_id" time="0.033" /><testcase classname="tests.test_jules_orchestrator" name="test_list_remote_sessions_captures_cli_output" time="0.001" /><testcase classname="tests.test_jules_orchestrator" name="test_list_remote_sessions_dry_run_does_not_call_cli" time="0.014" /><testcase classname="tests.test_jules_orchestrator" name="test_resolve_cli_prefers_npm_prefix_direct_exe_over_broken_shim" time="0.008" /><testcase classname="tests.test_jules_orchestrator" name="test_list_remote_sessions_uses_rest_api_when_enabled" time="0.002" /><testcase classname="tests.test_jules_orchestrator" name="test_launch_packets_uses_rest_api_when_enabled" time="0.024" /><testcase classname="tests.test_jules_orchestrator" name="test_pull_remote_session_uses_rest_api_when_enabled" time="0.006" /><testcase classname="tests.test_jules_orchestrator" name="test_jules_preflight_reports_remote_timeout_as_auth_possible" time="0.004" /><testcase classname="tests.test_jules_orchestrator" name="test_jules_preflight_respects_explicit_command" time="0.003" /><testcase classname="tests.test_jules_orchestrator" name="test_pull_remote_session_dry_run_writes_result_without_cli" time="0.014" /><testcase classname="tests.test_jules_orchestrator" name="test_pull_remote_session_live_uses_remote_pull" time="0.003" /><testcase classname="tests.test_jules_orchestrator" name="test_run_cli_command_accepts_unicode_input_on_windows_pipes" time="0.041" /><testcase classname="tests.test_jules_orchestrator" name="test_build_cot_ledger_marks_completion_report" time="0.022" /><testcase classname="tests.test_jules_orchestrator" name="test_build_cot_ledger_counts_successful_pulled_diff_as_evidence" time="0.022" /><testcase classname="tests.test_jules_orchestrator" name="test_build_cot_ledger_marks_dry_run_packets_not_launched" time="0.018" /><testcase classname="tests.test_jules_orchestrator" name="test_run_jules_cycle_dispatches_and_builds_cot_ledger" time="0.063" /><testcase classname="tests.test_jules_orchestrator" name="test_run_jules_cycle_blocks_live_launch_when_remote_check_times_out" time="0.043" /><testcase classname="tests.test_jules_orchestrator" name="test_run_jules_cycle_pull_only_preserves_launch_state" time="0.040" /><testcase classname="tests.test_jules_orchestrator" name="test_run_jules_cycle_does_not_pull_explicit_incomplete_session" time="0.040" /><testcase classname="tests.test_jules_orchestrator" name="test_run_jules_watch_stops_when_cot_complete" time="0.022" /><testcase classname="tests.test_jules_orchestrator" name="test_run_jules_fleet_launches_only_when_capacity_available" time="0.045" /><testcase classname="tests.test_jules_orchestrator" name="test_run_jules_fleet_respects_max_concurrent_capacity" time="0.063" /><testcase classname="tests.test_jules_orchestrator" name="test_run_jules_fleet_relaunches_failed_remote_packet_before_new_work" time="0.084" /><testcase classname="tests.test_jules_orchestrator" name="test_run_jules_fleet_relaunches_stale_unknown_remote_packet" time="0.064" /><testcase classname="tests.test_jules_orchestrator" name="test_run_jules_fleet_relaunches_awaiting_plan_remote_packet" time="0.057" /><testcase classname="tests.test_jules_orchestrator" name="test_run_jules_fleet_watch_loops_until_cot_complete" time="1.003" /><testcase classname="tests.test_jules_orchestrator" name="test_run_jules_fleet_watch_dry_run_stops_after_one_iteration" time="0.001" /><testcase classname="tests.test_jules_pipeline.TestJulesPipeline" name="test_dispatch_creates_checkpoint" time="0.090" /><testcase classname="tests.test_jules_pipeline.TestJulesPipeline" name="test_dispatch_session_mock" time="0.094" /><testcase classname="tests.test_jules_pipeline.TestJulesPipeline" name="test_poll_session_completed" time="0.033" /><testcase classname="tests.test_jules_session_cache" name="test_jules_session_cache" time="2.137" /><testcase classname="tests.test_jules_session_cache" name="test_jules_launch_bypasses_cache" time="0.001" /><testcase classname="tests.test_main_loop" name="test_daemon_loop_no_pressure_no_task" time="0.001" /><testcase classname="tests.test_main_loop" name="test_daemon_loop_with_pressure_and_task" time="0.001" /><testcase classname="tests.test_memory_quality" name="test_assess_memory_quality" time="0.035" /><testcase classname="tests.test_mesh_registry" name="test_register_local_node_writes_registry" time="0.024" /><testcase classname="tests.test_mesh_registry" name="test_get_mesh_status_shape" time="0.638" /><testcase classname="tests.test_notify_email_enhanced.TestNotifyEmailAttachments" name="test_send_email_attaches_existing_file" time="0.137" /><testcase classname="tests.test_notify_email_enhanced.TestNotifyEmailAttachments" name="test_send_email_rejects_missing_attachment_before_smtp" time="0.002" /><testcase classname="tests.test_oracle_session.TestOracleStatus" name="test_gates_g2_true_when_verify_passes" time="0.002" /><testcase classname="tests.test_oracle_session.TestOracleStatus" name="test_status_adds_blocker_when_not_running" time="0.002" /><testcase classname="tests.test_oracle_session.TestOracleStatus" name="test_status_returns_expected_keys" time="0.001" /><testcase classname="tests.test_oracle_session.TestParseVerify" name="test_parse_action_line" time="0.001" /><testcase classname="tests.test_oracle_session.TestParseVerify" name="test_parse_all_replay_ready" time="0.001" /><testcase classname="tests.test_oracle_session.TestParseVerify" name="test_parse_empty_stdout" time="0.001" /><testcase classname="tests.test_oracle_session.TestParseVerify" name="test_parse_tabular_line" time="0.001" /><testcase classname="tests.test_oracle_session.TestCodexHandoverIndex" name="test_existing_folder_returns_file_list" time="0.003" /><testcase classname="tests.test_oracle_session.TestCodexHandoverIndex" name="test_max_200_files_truncation" time="0.162" /><testcase classname="tests.test_oracle_session.TestCodexHandoverIndex" name="test_missing_folder_returns_exists_false" time="0.001" /><testcase classname="tests.test_oracle_session.TestCodexHandoverIndex" name="test_nested_directories_and_size" time="0.005" /><testcase classname="tests.test_oracle_session.TestOracleBuildDeploy" name="test_oracle_build_deploy_build_failure" time="0.002" /><testcase classname="tests.test_oracle_session.TestOracleBuildDeploy" name="test_oracle_build_deploy_success" time="0.002" /><testcase classname="tests.test_quantower_memory.TestQuantowerMemory" name="test_quantower_memory_file_exists" time="0.001" /><testcase classname="tests.test_quantower_memory.TestQuantowerMemory" name="test_contains_required_quantower_ui_sections" time="0.001" /><testcase classname="tests.test_quantower_memory.TestQuantowerMemory" name="test_contains_three_session_observations" time="0.001" /><testcase classname="tests.test_quantower_memory.TestQuantowerMemory" name="test_references_screenshot_evidence" time="0.001" /><testcase classname="tests.test_quantower_memory.TestQuantowerMemory" name="test_documents_required_failure_modes" time="0.001" /><testcase classname="tests.test_quantower_memory.TestQuantowerMemory" name="test_gotchas_cross_references_quantower_memory" time="0.001" /><testcase classname="tests.test_reasoning_module.TestHLevelPlan" name="test_step_count" time="0.001" /><testcase classname="tests.test_reasoning_module.TestHLevelPlan" name="test_empty_steps" time="0.001" /><testcase classname="tests.test_reasoning_module.TestLLevelAction" name="test_should_execute_high_confidence" time="0.001" /><testcase classname="tests.test_reasoning_module.TestLLevelAction" name="test_should_not_execute_low_confidence" time="0.001" /><testcase classname="tests.test_reasoning_module.TestLLevelAction" name="test_skip_action_never_executes" time="0.001" /><testcase classname="tests.test_reasoning_module.TestHaltDecision" name="test_halted_early_when_under_budget" time="0.001" /><testcase classname="tests.test_reasoning_module.TestHaltDecision" name="test_not_halted_early_when_budget_exhausted" time="0.001" /><testcase classname="tests.test_reasoning_module.TestHaltDecision" name="test_not_halted_early_when_not_halted" time="0.001" /><testcase classname="tests.test_reasoning_module.TestPlanOnly" name="test_returns_h_level_plan" time="0.001" /><testcase classname="tests.test_reasoning_module.TestPlanOnly" name="test_plan_has_steps" time="0.001" /><testcase classname="tests.test_reasoning_module.TestPlanOnly" name="test_plan_has_goal_statement" time="0.001" /><testcase classname="tests.test_reasoning_module.TestPlanOnly" name="test_confidence_is_between_0_and_1" time="0.001" /><testcase classname="tests.test_reasoning_module.TestPlanOnly" name="test_empty_problem_does_not_crash" time="0.001" /><testcase classname="tests.test_reasoning_module.TestPlanOnly" name="test_context_is_accepted" time="0.001" /><testcase classname="tests.test_reasoning_module.TestPlanOnly" name="test_fast_model_uses_model_loop" time="0.001" /><testcase classname="tests.test_reasoning_module.TestExecuteStep" name="test_returns_l_level_action" time="0.001" /><testcase classname="tests.test_reasoning_module.TestExecuteStep" name="test_action_type_is_valid" time="0.001" /><testcase classname="tests.test_reasoning_module.TestExecuteStep" name="test_confidence_in_range" time="0.001" /><testcase classname="tests.test_reasoning_module.TestExecuteStep" name="test_step_index_is_set" time="0.001" /><testcase classname="tests.test_reasoning_module.TestExecuteStep" name="test_step_description_preserved" time="0.001" /><testcase classname="tests.test_reasoning_module.TestReason" name="test_returns_reasoning_trace" time="0.001" /><testcase classname="tests.test_reasoning_module.TestReason" name="test_trace_has_plan" time="0.001" /><testcase classname="tests.test_reasoning_module.TestReason" name="test_trace_has_halt_decision" time="0.001" /><testcase classname="tests.test_reasoning_module.TestReason" name="test_trace_has_actions" time="0.001" /><testcase classname="tests.test_reasoning_module.TestReason" name="test_halt_reason_is_valid" time="0.001" /><testcase classname="tests.test_reasoning_module.TestReason" name="test_steps_used_within_budget" time="0.001" /><testcase classname="tests.test_reasoning_module.TestReason" name="test_elapsed_ms_positive" time="0.001" /><testcase classname="tests.test_reasoning_module.TestReason" name="test_feedback_dict_present" time="0.001" /><testcase classname="tests.test_reasoning_module.TestReason" name="test_no_exception_on_empty_problem" time="0.001" /><testcase classname="tests.test_reasoning_module.TestReason" name="test_no_exception_with_large_budget" time="0.001" /><testcase classname="tests.test_reasoning_module.TestReason" name="test_inbox_summary_is_non_empty" time="0.001" /><testcase classname="tests.test_reasoning_module.TestReason" name="test_succeeded_flag_type" time="0.001" /><testcase classname="tests.test_reasoning_module.TestReason" name="test_executed_actions_subset_of_actions" time="0.001" /><testcase classname="tests.test_reasoning_module.TestReason" name="test_budget_one_runs_minimal_steps" time="0.001" /><testcase classname="tests.test_reasoning_module.TestReason" name="test_context_does_not_crash" time="0.001" /><testcase classname="tests.test_repo_context_guard" name="test_build_repo_context_guard_detects_port_and_remote_collisions" time="0.043" /><testcase classname="tests.test_repo_context_guard" name="test_build_repo_context_guard_flags_cross_project_local_dependencies" time="0.030" /><testcase classname="tests.test_repo_context_guard" name="test_build_repo_context_guard_redacts_secret_values_but_keeps_key_names" time="0.008" /><testcase classname="tests.test_repo_context_guard" name="test_build_repo_context_guard_never_raises_on_missing_root" time="0.004" /><testcase classname="tests.test_retrospective_module.TestLogPattern" name="test_dataclass_fields" time="0.001" /><testcase classname="tests.test_retrospective_module.TestDoomLoop" name="test_dataclass_fields" time="0.001" /><testcase classname="tests.test_retrospective_module.TestTestEvidence" name="test_passed_evidence" time="0.002" /><testcase classname="tests.test_retrospective_module.TestTestEvidence" name="test_failed_evidence" time="0.002" /><testcase classname="tests.test_retrospective_module.TestTestEvidence" name="test_passed_evidence_ignores_failed_word_in_test_name" time="0.002" /><testcase classname="tests.test_retrospective_module.TestTestEvidence" name="test_passed_evidence_handles_nul_padded_powershell_capture" time="0.002" /><testcase classname="tests.test_retrospective_module.TestTestEvidence" name="test_hash_is_deterministic" time="0.017" /><testcase classname="tests.test_retrospective_module.TestTestEvidence" name="test_hash_changes_with_output" time="0.018" /><testcase classname="tests.test_retrospective_module.TestTestEvidence" name="test_evidence_persisted_to_disk" time="0.016" /><testcase classname="tests.test_retrospective_module.TestTestEvidence" name="test_evidence_accumulates" time="0.048" /><testcase classname="tests.test_retrospective_module.TestTestEvidence" name="test_evidence_accumulates_when_existing_file_has_bom" time="0.017" /><testcase classname="tests.test_retrospective_module.TestTestEvidence" name="test_evidence_capped_at_50" time="0.892" /><testcase classname="tests.test_retrospective_module.TestTestEvidence" name="test_evidence_line_format" time="0.003" /><testcase classname="tests.test_retrospective_module.TestTestEvidence" name="test_load_test_evidence_returns_latest" time="0.032" /><testcase classname="tests.test_retrospective_module.TestTestEvidence" name="test_load_test_evidence_empty_dir" time="0.001" /><testcase classname="tests.test_retrospective_module.TestAnalyzeSession" name="test_returns_report" time="0.003" /><testcase classname="tests.test_retrospective_module.TestAnalyzeSession" name="test_empty_log_produces_no_patterns" time="0.005" /><testcase classname="tests.test_retrospective_module.TestAnalyzeSession" name="test_missing_log_does_not_raise" time="0.005" /><testcase classname="tests.test_retrospective_module.TestAnalyzeSession" name="test_doom_loop_detected" time="0.007" /><testcase classname="tests.test_retrospective_module.TestAnalyzeSession" name="test_no_doom_loop_for_alternating_routes" time="0.007" /><testcase classname="tests.test_retrospective_module.TestAnalyzeSession" name="test_repeated_doom_loops_are_deduped_by_route" time="0.007" /><testcase classname="tests.test_retrospective_module.TestAnalyzeSession" name="test_error_pattern_detected" time="0.008" /><testcase classname="tests.test_retrospective_module.TestAnalyzeSession" name="test_port_5000_and_threshold_5000ms_are_not_500_errors" time="0.008" /><testcase classname="tests.test_retrospective_module.TestAnalyzeSession" name="test_dev_server_warning_is_not_a_harness_warning" time="0.016" /><testcase classname="tests.test_retrospective_module.TestAnalyzeSession" name="test_arrow_style_slow_route_detected" time="0.008" /><testcase classname="tests.test_retrospective_module.TestAnalyzeSession" name="test_repeated_oracle_status_polling_extracts_learning" time="0.007" /><testcase classname="tests.test_retrospective_module.TestAnalyzeSession" name="test_quantower_shell_operations_extract_learning" time="0.008" /><testcase classname="tests.test_retrospective_module.TestAnalyzeSession" name="test_session_id_is_set" time="0.005" /><testcase classname="tests.test_retrospective_module.TestAnalyzeSession" name="test_auto_session_id_when_none" time="0.005" /><testcase classname="tests.test_retrospective_module.TestAnalyzeSession" name="test_learnings_list_is_non_empty" time="0.005" /><testcase classname="tests.test_retrospective_module.TestAnalyzeSession" name="test_learnings_written_to_memory" time="0.007" /><testcase classname="tests.test_retrospective_module.TestAnalyzeSession" name="test_to_summary_is_string" time="0.004" /><testcase classname="tests.test_retrospective_module.TestAnalyzeSession" name="test_has_learnings_property" time="0.005" /><testcase classname="tests.test_retrospective_module.TestAnalyzeSession" name="test_log_lines_analyzed_count" time="0.007" /><testcase classname="tests.test_retrospective_module.TestAnalyzeSession" name="test_analyze_session_does_not_prune_by_default" time="0.019" /><testcase classname="tests.test_retrospective_module.TestAnalyzeSession" name="test_analyze_session_auto_prune_removes_stale_sections_after_write" time="0.032" /><testcase classname="tests.test_retrospective_module.TestLoadMemory" name="test_returns_empty_when_no_memory" time="0.002" /><testcase classname="tests.test_retrospective_module.TestLoadMemory" name="test_returns_written_content" time="0.005" /><testcase classname="tests.test_retrospective_module.TestLoadMemory" name="test_oracle_domain_separate_from_general" time="0.005" /><testcase classname="tests.test_retrospective_module.TestLoadMemory" name="test_all_domains_loadable" time="0.003" /><testcase classname="tests.test_retrospective_module.TestCheckEvidenceStaleness" name="test_fresh_evidence_returns_none" time="0.024" /><testcase classname="tests.test_retrospective_module.TestCheckEvidenceStaleness" name="test_stale_evidence_flagged_with_reason" time="0.017" /><testcase classname="tests.test_retrospective_module.TestCheckEvidenceStaleness" name="test_future_timestamp_is_clock_skew_not_fresh" time="0.020" /><testcase classname="tests.test_retrospective_module.TestCheckEvidenceStaleness" name="test_malformed_json_is_flagged_malformed" time="0.005" /><testcase classname="tests.test_retrospective_module.TestCheckEvidenceStaleness" name="test_record_missing_timestamp_is_malformed" time="0.017" /><testcase classname="tests.test_retrospective_module.TestCheckEvidenceStaleness" name="test_missing_file_returns_none" time="0.002" /><testcase classname="tests.test_retrospective_module.TestCheckEvidenceStaleness" name="test_empty_history_returns_none" time="0.004" /><testcase classname="tests.test_retrospective_module.TestCheckEvidenceStaleness" name="test_custom_threshold_respected" time="0.019" /><testcase classname="tests.test_retrospective_module.TestHardGateEnabled" name="test_enabled_when_env_is_one" time="0.001" /><testcase classname="tests.test_retrospective_module.TestHardGateEnabled" name="test_disabled_when_env_is_zero" time="0.002" /><testcase classname="tests.test_retrospective_module.TestHardGateEnabled" name="test_disabled_when_env_absent" time="0.001" /><testcase classname="tests.test_retrospective_module.TestValidateMemoryDomain" name="test_valid_domains_return_none" time="0.001" /><testcase classname="tests.test_retrospective_module.TestValidateMemoryDomain" name="test_invalid_domain_returns_message" time="0.001" /><testcase classname="tests.test_retrospective_module.TestValidateMemoryDomain" name="test_canonical_domains_present" time="0.001" /><testcase classname="tests.test_router" name="test_dispatch_code_dev" time="0.001" /><testcase classname="tests.test_router" name="test_dispatch_compute_scale" time="0.001" /><testcase classname="tests.test_router" name="test_dispatch_routine_ui" time="0.001" /><testcase classname="tests.test_router" name="test_dispatch_unknown" time="0.001" /><testcase classname="tests.test_safe_bridge_probe.TestSafeBridgeProbe" name="test_build_url_normalizes_slashes" time="0.002" /><testcase classname="tests.test_safe_bridge_probe.TestSafeBridgeProbe" name="test_sanitize_omits_image_and_redacts_sensitive_fields" time="0.001" /><testcase classname="tests.test_safe_bridge_probe.TestSafeBridgeProbe" name="test_screenshot_summary_never_returns_raw_base64" time="0.001" /><testcase classname="tests.test_safe_bridge_probe.TestSafeBridgeProbe" name="test_summarize_oracle_status_keeps_gate_fields_without_account_identity" time="0.001" /><testcase classname="tests.test_shell_cache" name="test_shell_execute_cache" time="2.102" /><testcase classname="tests.test_shell_cache" name="test_shell_execute_timeout" time="0.002" /><testcase classname="tests.test_shell_executor.TestShellExecutorExecute" name="test_execute_bash_not_found_raises" time="0.001" /><testcase classname="tests.test_shell_executor.TestShellExecutorExecute" name="test_execute_bytes_stdout_coerced" time="0.002" /><testcase classname="tests.test_shell_executor.TestShellExecutorExecute" name="test_execute_cmd_selector" time="0.001" /><testcase classname="tests.test_shell_executor.TestShellExecutorExecute" name="test_execute_powershell_default" time="0.001" /><testcase classname="tests.test_shell_executor.TestShellExecutorExecute" name="test_execute_ps_alias_selector" time="0.001" /><testcase classname="tests.test_shell_executor.TestShellExecutorExecute" name="test_execute_returns_legacy_code_alias" time="0.001" /><testcase classname="tests.test_shell_executor.TestShellExecutorExecute" name="test_execute_timeout_propagates" time="0.002" /><testcase classname="tests.test_shell_executor.TestShellExecutorExecute" name="test_execute_unknown_shell_raises" time="0.001" /><testcase classname="tests.test_shell_executor.TestShellExecutorExecute" name="test_execute_wsl_raises_valueerror" time="0.001" /><testcase classname="tests.test_shell_executor.TestShellExecutorSpawn" name="test_spawn_custom_cwd" time="0.001" /><testcase classname="tests.test_shell_executor.TestShellExecutorSpawn" name="test_spawn_default_cmd" time="0.001" /><testcase classname="tests.test_shell_executor.TestShellExecutorSpawn" name="test_spawn_powershell_selector" time="0.001" /><testcase classname="tests.test_shell_executor.TestShellExecutorSpawn" name="test_spawn_unknown_shell_raises" time="0.001" /><testcase classname="tests.test_shell_executor.TestShellExecutorSpawn" name="test_spawn_wsl_raises_valueerror" time="0.001" /><testcase classname="tests.test_shell_executor.TestAvailableShells" name="test_available_shells_with_bash" time="0.001" /><testcase classname="tests.test_shell_executor.TestAvailableShells" name="test_available_shells_without_bash" time="0.001" /><testcase classname="tests.test_tibin_core" name="test_generate_ohlcv" time="0.002" /><testcase classname="tests.test_tibin_core" name="test_compute_rsi" time="0.009" /><testcase classname="tests.test_tibin_core" name="test_compute_macd" time="0.002" /><testcase classname="tests.test_tibin_core" name="test_compute_bollinger" time="0.002" /><testcase classname="tests.test_tibin_core" name="test_generate_signals" time="0.008" /><testcase classname="tests.test_tibin_core" name="test_compute_order_flow" time="0.003" /><testcase classname="tests.test_tibin_core" name="test_run_paper_trading" time="0.005" /><testcase classname="tests.test_tiu_workbench" name="test_tiu_workbench_blocks_publish_when_cloud_sync_is_dirty" time="0.001" /><testcase classname="tests.test_tiu_workbench" name="test_tiu_workbench_can_generate_review_packet_without_cloud_gate" time="0.001" /><testcase classname="tests.test_tiu_workbench" name="test_tiu_workbench_writes_repo_local_packet" time="0.009" /><testcase classname="tests.test_tunnel_watchdog" name="test_ping_success" time="0.028" /><testcase classname="tests.test_tunnel_watchdog" name="test_ping_failure_reconnect" time="1.034" /><testcase classname="tests.test_tunnel_watchdog" name="test_reconnect_failure_escalation" time="4.034" /><testcase classname="tests.test_ui_automation.TestScreenshot" name="test_screenshot_returns_base64" time="0.024" /><testcase classname="tests.test_ui_automation.TestScreenshot" name="test_screenshot_save_returns_path" time="0.006" /><testcase classname="tests.test_ui_automation.TestClick" name="test_click_invalid_button_raises" time="0.002" /><testcase classname="tests.test_ui_automation.TestClick" name="test_click_negative_coordinates_raises" time="0.001" /><testcase classname="tests.test_ui_automation.TestClick" name="test_click_out_of_bounds_raises" time="0.001" /><testcase classname="tests.test_ui_automation.TestClick" name="test_click_right_button" time="0.002" /><testcase classname="tests.test_ui_automation.TestClick" name="test_click_valid_coordinates" time="0.002" /><testcase classname="tests.test_ui_automation.TestTypeText" name="test_type_text_calls_write" time="0.002" /><testcase classname="tests.test_ui_automation.TestTypeText" name="test_type_text_empty_string" time="0.001" /><testcase classname="tests.test_ui_automation.TestGetSecret" name="test_get_secret_blocked" time="0.001" /><testcase classname="tests.test_ui_automation.TestGetSecret" name="test_get_secret_provider_dict" time="0.001" /><testcase classname="tests.test_ui_automation.TestGetSecret" name="test_get_secret_provider_missing" time="0.001" /><testcase classname="tests.test_ui_automation.TestGetSecret" name="test_get_secret_provider_raises" time="0.002" /><testcase classname="tests.test_ui_automation.TestGetSecret" name="test_get_secret_provider_string" time="0.001" /><testcase classname="tests.test_ui_secret_and_detection.TestMockSecretProviderBoundary" name="test_get_secret_blocks_without_runtime_authorization" time="0.001" /><testcase classname="tests.test_ui_secret_and_detection.TestMockSecretProviderBoundary" name="test_get_secret_reports_availability_without_returning_plaintext_secret" time="0.001" /><testcase classname="tests.test_ui_secret_and_detection.TestUIDetectionStateEngine" name="test_detects_quantower_login_from_ocr_text" time="0.001" /><testcase classname="tests.test_ui_secret_and_detection.TestUIDetectionStateEngine" name="test_detects_quantower_loading_from_ocr_text" time="0.001" /><testcase classname="tests.test_ui_secret_and_detection.TestUIDetectionStateEngine" name="test_detects_auth_prompt_from_ocr_text" time="0.001" /><testcase classname="tests.test_ui_secret_and_detection.TestUIDetectionStateEngine" name="test_detects_error_state_from_ocr_text" time="0.001" /><testcase classname="tests.test_unified_operator.TestUnifiedOperator" name="test_heartbeat_liveness" time="0.033" /><testcase classname="tests.test_unified_operator.TestUnifiedOperator" name="test_list_active_checkpoints" time="0.082" /><testcase classname="tests.test_unified_operator.TestUnifiedOperator" name="test_observation_grounded_reasoning_difference" time="0.018" /><testcase classname="tests.test_unified_operator.TestUnifiedOperator" name="test_observe_reason_act_verify_loop" time="0.210" /><testcase classname="tests.test_unified_operator.TestUnifiedOperator" name="test_record_recovery_event" time="0.056" /><testcase classname="tests.test_unified_operator.TestUnifiedOperator" name="test_sqlite_state_db_checkpoint_idempotency" time="0.073" /><testcase classname="tests.test_unified_operator.TestUnifiedOperator" name="test_task_queue_manager_dependency_scheduling" time="0.020" /><testcase classname="tests.test_unified_operator.TestUnifiedOperator" name="test_worktree_lock_manager" time="0.020" /><testcase classname="tests.test_unified_operator_endurance.TestUnifiedOperatorEndurance" name="test_crash_recovery_resumption" time="0.099" /><testcase classname="tests.test_unified_operator_endurance.TestUnifiedOperatorEndurance" name="test_parallel_task_queue_concurrency" time="0.018" /><testcase classname="tests.test_unified_operator_endurance.TestUnifiedOperatorEndurance" name="test_stale_lock_recovery" time="0.020" /><testcase classname="tests.test_vm_manager.TestResourcePressure" name="test_detect_resource_pressure_reports_ok_for_injected_safe_metrics" time="0.001" /><testcase classname="tests.test_vm_manager.TestResourcePressure" name="test_detect_resource_pressure_flags_cpu_and_memory_thresholds" time="0.001" /><testcase classname="tests.test_vm_manager.TestResourcePressure" name="test_detect_resource_pressure_rejects_negative_metrics" time="0.001" /><testcase classname="tests.test_vm_manager.TestResourcePressure" name="test_detect_resource_pressure_reads_host_metrics_when_omitted" time="0.001" /><testcase classname="tests.test_vm_manager.TestResourcePressure" name="test_detect_resource_pressure_handles_host_metric_error" time="0.001" /><testcase classname="tests.test_vm_manager.TestResourcePressure" name="test_detect_resource_pressure_catches_unexpected_exceptions" time="0.021" /><testcase classname="tests.test_vm_manager.TestBootSecondaryVM" name="test_boot_secondary_vm_defaults_to_dry_run_for_allowlisted_script" time="0.006" /><testcase classname="tests.test_vm_manager.TestBootSecondaryVM" name="test_boot_secondary_vm_blocks_real_start_without_allow_flag" time="0.006" /><testcase classname="tests.test_vm_manager.TestBootSecondaryVM" name="test_boot_secondary_vm_rejects_path_traversal" time="0.004" /><testcase classname="tests.test_vm_manager.TestBootSecondaryVM" name="test_boot_secondary_vm_starts_allowlisted_script_when_explicitly_allowed" time="0.005" /><testcase classname="tests.test_vm_manager.TestInternalHelpers" name="test_as_percent" time="0.001" /><testcase classname="tests.test_vm_manager.TestInternalHelpers" name="test_threshold_value" time="0.001" /><testcase classname="tests.test_vm_manager.TestReadHostMetrics" name="test_read_host_metrics_uses_psutil_first" time="0.001" /><testcase classname="tests.test_vm_manager.TestReadHostMetrics" name="test_read_host_metrics_falls_back_to_powershell_success" time="0.001" /><testcase classname="tests.test_vm_manager.TestReadHostMetrics" name="test_read_host_metrics_non_zero_exit" time="0.001" /><testcase classname="tests.test_vm_manager.TestReadHostMetrics" name="test_read_host_metrics_exception" time="0.001" /><testcase classname="tests.test_vm_manager.TestReadHostMetrics" name="test_detect_resource_pressure_uses_host_metrics_fallback" time="0.001" /><testcase classname="tests.test_vm_manager.TestReadHostMetrics" name="test_detect_resource_pressure_host_metrics_failure" time="0.001" /><testcase classname="tests.test_vm_manager.TestScriptResolution" name="test_resolve_script_empty_name" time="0.001" /><testcase classname="tests.test_vm_manager.TestScriptResolution" name="test_resolve_script_missing_env" time="0.001" /><testcase classname="tests.test_vm_manager.TestScriptResolution" name="test_resolve_script_non_existent_dir" time="0.001" /><testcase classname="tests.test_vm_manager.TestScriptResolution" name="test_resolve_script_invalid_extension" time="0.004" /><testcase classname="tests.test_vm_manager.TestScriptResolution" name="test_resolve_script_file_not_found" time="0.005" /><testcase classname="tests.test_vm_manager.TestScriptResolution" name="test_boot_secondary_vm_cmd_script" time="0.005" /><testcase classname="tests.test_vm_manager.TestScriptResolution" name="test_resolve_script_relative_to_raises" time="0.004" /><testcase classname="tests.test_vm_manager.TestScriptResolution" name="test_threshold_value_invalid_string" time="0.001" /><testcase classname="tests.test_vm_manager.TestScriptResolution" name="test_threshold_value_returns_default_when_as_percent_returns_none" time="0.006" /><testcase classname="tests.test_vm_relay.TestBootstrapVM" name="test_bootstrap_vm_success" time="0.004" /><testcase classname="tests.test_vm_relay.TestBootstrapVM" name="test_bootstrap_vm_failure_on_first_step" time="0.005" /><testcase classname="tests.test_vm_relay" name="test_worker_agent_script_uses_browser_model_loop_only" time="0.001" /><testcase classname="tests.test_vm_relay" name="test_worker_env_uses_configured_bridge_token_without_provider_keys" time="0.001" /><testcase classname="tests.test_windows_secret_provider" name="test_resolve_target" time="0.001" /><testcase classname="tests.test_windows_secret_provider" name="test_build_windows_secret_provider" time="0.001" /><testcase classname="tests.test_windows_secret_provider" name="test_read_windows_credential_wrong_platform" time="0.002" /><testcase classname="tests.test_windows_secret_provider" name="test_read_windows_credential_not_found" time="0.002" /><testcase classname="tests.test_windows_secret_provider" name="test_read_windows_credential_missing_blob_size" time="0.003" /><testcase classname="tests.test_windows_secret_provider" name="test_read_windows_credential_missing_blob_ptr" time="0.002" /><testcase classname="tests.test_windows_secret_provider" name="test_read_windows_credential_missing_username" time="0.015" /><testcase classname="tests.test_windows_secret_provider" name="test_read_windows_credential_success" time="0.002" /><testcase classname="tests.test_windows_secret_provider" name="test_get_secret" time="0.001" /><testcase classname="tests.test_windows_secret_provider" name="test_get_secret_with_alias" time="0.001" /><testcase classname="tests.test_windows_secret_provider" name="test_type_password" time="0.002" /></testsuite></testsuites>